<?xml version="1.0" encoding="UTF-8"?>
<coverage generated="1763774007583" clover="3.2.0">
  <project timestamp="1763774007583" name="All files">
    <metrics statements="13" coveredstatements="13" conditionals="6" coveredconditionals="6" methods="8" coveredmethods="8" elements="27" coveredelements="27" complexity="0" loc="13" ncloc="13" packages="1" files="1" classes="1"/>
    <file name="calculadora.js" path="C:\Users\Samuel\Desktop\trabalho\calculadora-jest\calculadora.js">
      <metrics statements="13" coveredstatements="13" conditionals="6" coveredconditionals="6" methods="8" coveredmethods="8"/>
      <line num="10" count="2" type="stmt"/>
      <line num="20" count="1" type="stmt"/>
      <line num="30" count="2" type="stmt"/>
      <line num="41" count="2" type="cond" truecount="2" falsecount="0"/>
      <line num="42" count="1" type="stmt"/>
      <line num="44" count="1" type="stmt"/>
      <line num="54" count="2" type="stmt"/>
      <line num="64" count="4" type="cond" truecount="4" falsecount="0"/>
      <line num="65" count="2" type="stmt"/>
      <line num="68" count="7" type="stmt"/>
      <line num="69" count="2" type="stmt"/>
      <line num="80" count="2" type="stmt"/>
      <line num="83" count="1" type="stmt"/>
    </file>
  </project>
</coverage>
