{"C:\\Users\\Samuel\\Desktop\\trabalho\\calculadora-jest\\calculadora.js": {"path":"C:\\Users\\Samuel\\Desktop\\trabalho\\calculadora-jest\\calculadora.js","statementMap":{"0":{"start":{"line":10,"column":2},"end":{"line":10,"column":15}},"1":{"start":{"line":20,"column":2},"end":{"line":20,"column":15}},"2":{"start":{"line":30,"column":2},"end":{"line":30,"column":15}},"3":{"start":{"line":41,"column":2},"end":{"line":43,"column":3}},"4":{"start":{"line":42,"column":4},"end":{"line":42,"column":56}},"5":{"start":{"line":44,"column":2},"end":{"line":44,"column":15}},"6":{"start":{"line":54,"column":2},"end":{"line":54,"column":34}},"7":{"start":{"line":64,"column":2},"end":{"line":66,"column":3}},"8":{"start":{"line":65,"column":4},"end":{"line":65,"column":71}},"9":{"start":{"line":68,"column":15},"end":{"line":68,"column":87}},"10":{"start":{"line":68,"column":59},"end":{"line":68,"column":83}},"11":{"start":{"line":69,"column":2},"end":{"line":69,"column":31}},"12":{"start":{"line":80,"column":2},"end":{"line":80,"column":36}},"13":{"start":{"line":83,"column":0},"end":{"line":91,"column":2}}},"fnMap":{"0":{"name":"somar","decl":{"start":{"line":9,"column":9},"end":{"line":9,"column":14}},"loc":{"start":{"line":9,"column":21},"end":{"line":11,"column":1}},"line":9},"1":{"name":"subtrair","decl":{"start":{"line":19,"column":9},"end":{"line":19,"column":17}},"loc":{"start":{"line":19,"column":24},"end":{"line":21,"column":1}},"line":19},"2":{"name":"multiplicar","decl":{"start":{"line":29,"column":9},"end":{"line":29,"column":20}},"loc":{"start":{"line":29,"column":27},"end":{"line":31,"column":1}},"line":29},"3":{"name":"dividir","decl":{"start":{"line":40,"column":9},"end":{"line":40,"column":16}},"loc":{"start":{"line":40,"column":23},"end":{"line":45,"column":1}},"line":40},"4":{"name":"potencia","decl":{"start":{"line":53,"column":9},"end":{"line":53,"column":17}},"loc":{"start":{"line":53,"column":34},"end":{"line":55,"column":1}},"line":53},"5":{"name":"media","decl":{"start":{"line":63,"column":9},"end":{"line":63,"column":14}},"loc":{"start":{"line":63,"column":24},"end":{"line":70,"column":1}},"line":63},"6":{"name":"(anonymous_6)","decl":{"start":{"line":68,"column":30},"end":{"line":68,"column":31}},"loc":{"start":{"line":68,"column":59},"end":{"line":68,"column":83}},"line":68},"7":{"name":"porcentagem","decl":{"start":{"line":79,"column":9},"end":{"line":79,"column":20}},"loc":{"start":{"line":79,"column":40},"end":{"line":81,"column":1}},"line":79}},"branchMap":{"0":{"loc":{"start":{"line":41,"column":2},"end":{"line":43,"column":3}},"type":"if","locations":[{"start":{"line":41,"column":2},"end":{"line":43,"column":3}},{"start":{},"end":{}}],"line":41},"1":{"loc":{"start":{"line":64,"column":2},"end":{"line":66,"column":3}},"type":"if","locations":[{"start":{"line":64,"column":2},"end":{"line":66,"column":3}},{"start":{},"end":{}}],"line":64},"2":{"loc":{"start":{"line":64,"column":6},"end":{"line":64,"column":53}},"type":"binary-expr","locations":[{"start":{"line":64,"column":6},"end":{"line":64,"column":29}},{"start":{"line":64,"column":33},"end":{"line":64,"column":53}}],"line":64}},"s":{"0":2,"1":1,"2":2,"3":2,"4":1,"5":1,"6":2,"7":4,"8":2,"9":2,"10":7,"11":2,"12":2,"13":1},"f":{"0":2,"1":1,"2":2,"3":2,"4":2,"5":4,"6":7,"7":2},"b":{"0":[1,1],"1":[2,2],"2":[4,3]},"_coverageSchema":"1a1c01bbd47fc00a2c39e90264f33305004495a9","hash":"6e4bb37e80a345d528cb4d6a825d4fccb5350444"}
}
