TN:
SF:calculadora.js
FN:9,somar
FN:19,subtrair
FN:29,multiplicar
FN:40,dividir
FN:53,potencia
FN:63,media
FN:68,(anonymous_6)
FN:79,porcentagem
FNF:8
FNH:8
FNDA:2,somar
FNDA:1,subtrair
FNDA:2,multiplicar
FNDA:2,dividir
FNDA:2,potencia
FNDA:4,media
FNDA:7,(anonymous_6)
FNDA:2,porcentagem
DA:10,2
DA:20,1
DA:30,2
DA:41,2
DA:42,1
DA:44,1
DA:54,2
DA:64,4
DA:65,2
DA:68,7
DA:69,2
DA:80,2
DA:83,1
LF:13
LH:13
BRDA:41,0,0,1
BRDA:41,0,1,1
BRDA:64,1,0,2
BRDA:64,1,1,2
BRDA:64,2,0,4
BRDA:64,2,1,3
BRF:6
BRH:6
end_of_record
